19:21:50 **** Incremental Build of configuration Default for project poros-master ****
make all 
make: Nothing to be done for 'all'.
19:23:08 **** Incremental Build of configuration Default for project poros-master ****
make all 
make: Nothing to be done for 'all'.
19:24:19 **** Incremental Build of configuration Default for project poros-master ****
make all 
make: Nothing to be done for 'all'.
19:24:32 **** Incremental Build of configuration Default for project poros-master ****
make all 
make: Nothing to be done for 'all'.
19:27:14 **** Incremental Build of configuration Default for project poros-master ****
make all 
make: Nothing to be done for 'all'.
19:29:19 **** Incremental Build of configuration Default for project poros-master ****
make all 
make: Nothing to be done for 'all'.
19:33:44 **** Incremental Build of configuration Default for project poros-master ****
make all 
g++ -g  -c -Iinclude -o lib/tvectorporo.o lib/tvectorporo.cpp
g++ -g  -Iinclude src/tad.cpp lib/tporo.o lib/tvectorporo.o lib/tlistaporo.o -o tad
19:33:56 **** Incremental Build of configuration Default for project poros-master ****
make all 
make: Nothing to be done for 'all'.
11:30:18 **** Incremental Build of configuration Debug for project poro ****
make all 
make: Nothing to be done for 'all'.
11:30:18 **** Incremental Build of configuration Default for project poros-master ****
make all 
g++ -g  -c -Iinclude -o lib/tvectorporo.o lib/tvectorporo.cpp
g++ -g  -c -Iinclude -o lib/tlistaporo.o lib/tlistaporo.cpp
In file included from lib/tlistaporo.cpp:2:0:
include/tlistaporo.h:8:2: error: ‘TPoro’ does not name a type
Makefile:12: recipe for target 'lib/tlistaporo.o' failed
  TPoro e;
  ^
include/tlistaporo.h:39:18: error: ISO C++ forbids declaration of ‘TListaPosicion’ with no type [-fpermissive]
  TListaPosicion ();
                  ^
include/tlistaporo.h:43:18: error: ‘TListaPosicion’ is not a type
  TListaPosicion (TListaPosicion &);
                  ^
include/tlistaporo.h:43:34: error: ISO C++ forbids declaration of ‘TListaPosicion’ with no type [-fpermissive]
  TListaPosicion (TListaPosicion &);
                                  ^
include/tlistaporo.h:47:18: error: expected class-name before ‘(’ token
  ~TListaPosicion ();
                  ^
include/tlistaporo.h:51:2: error: ‘TListaPosicion’ does not name a type
  TListaPosicion& operator=( TListaPosicion &);
  ^
include/tlistaporo.h:54:19: error: ‘TListaPosicion’ is not a type
  bool operator==( TListaPosicion &);
                   ^
include/tlistaporo.h:58:2: error: ‘TListaPosicion’ does not name a type
  TListaPosicion Anterior();
  ^
include/tlistaporo.h:61:2: error: ‘TListaPosicion’ does not name a type
  TListaPosicion Siguiente();
  ^
make: *** [lib/tlistaporo.o] Error 1
11:39:47 **** Incremental Build of configuration Debug for project poro ****
make all 
make: Nothing to be done for 'all'.
11:39:47 **** Incremental Build of configuration Default for project poros-master ****
make all 
g++ -g  -c -Iinclude -o lib/tlistaporo.o lib/tlistaporo.cpp
In file included from lib/tlistaporo.cpp:2:0:
include/tlistaporo.h:8:41: error: ‘TListaPoro’ has not been declared
  friend ostream & operator<<(ostream &, TListaPoro &);
                                         ^
make: *** [lib/tlistaporo.o] Error 1
Makefile:12: recipe for target 'lib/tlistaporo.o' failed
11:40:41 **** Incremental Build of configuration Debug for project poro ****
make all 
make: Nothing to be done for 'all'.
11:40:41 **** Incremental Build of configuration Default for project poros-master ****
make all 
g++ -g  -c -Iinclude -o lib/tlistaporo.o lib/tlistaporo.cpp
g++ -g  -Iinclude src/tad.cpp lib/tporo.o lib/tvectorporo.o lib/tlistaporo.o -o tad
13:33:31 **** Incremental Build of configuration Debug for project poro ****
make all 
make: Nothing to be done for 'all'.
13:33:31 **** Incremental Build of configuration Default for project poros-master ****
make all 
g++ -g  -c -Iinclude -o lib/tlistaporo.o lib/tlistaporo.cpp
lib/tlistaporo.cpp: In constructor ‘TListaNodo::TListaNodo()’:
lib/tlistaporo.cpp:14:10: error: no match for ‘operator=’ (operand types are ‘TPoro’ and ‘long int’)
   this->e=NULL;
          ^
In file included from include/tvectorporo.h:3:0,
                 from include/tlistaporo.h:2,
                 from lib/tlistaporo.cpp:2:
include/tporo.h:45:11: note: candidate: TPoro& TPoro::operator=(const TPoro&)
   TPoro & operator=(const TPoro &);
           ^
include/tporo.h:45:11: note:   no known conversion for argument 1 from ‘long int’ to ‘const TPoro&’
lib/tlistaporo.cpp: In member function ‘TListaNodo& TListaNodo::operator=(const TListaNodo&)’:
lib/tlistaporo.cpp:25:9: error: invalid initialization of non-const reference of type ‘TListaNodo&’ from an rvalue of type ‘TListaNodo*’
  return this;
         ^
lib/tlistaporo.cpp: In destructor ‘TListaNodo::~TListaNodo()’:
lib/tlistaporo.cpp:29:13: error: no match for ‘operator!=’ (operand types are ‘TPoro’ and ‘long int’)
  if(this->e != NULL)
             ^
In file included from include/tvectorporo.h:3:0,
Makefile:12: recipe for target 'lib/tlistaporo.o' failed
                 from include/tlistaporo.h:2,
                 from lib/tlistaporo.cpp:2:
include/tporo.h:49:8: note: candidate: bool TPoro::operator!=(const TPoro&)
   bool operator!=(const TPoro &);
        ^
include/tporo.h:49:8: note:   no known conversion for argument 1 from ‘long int’ to ‘const TPoro&’
In file included from /usr/include/c++/5/iosfwd:40:0,
                 from /usr/include/c++/5/ios:38,
                 from /usr/include/c++/5/ostream:38,
                 from /usr/include/c++/5/iostream:39,
                 from lib/tlistaporo.cpp:1:
/usr/include/c++/5/bits/postypes.h:221:5: note: candidate: template<class _StateT> bool std::operator!=(const std::fpos<_StateT>&, const std::fpos<_StateT>&)
     operator!=(const fpos<_StateT>& __lhs, const fpos<_StateT>& __rhs)
     ^
/usr/include/c++/5/bits/postypes.h:221:5: note:   template argument deduction/substitution failed:
In file included from /usr/include/_G_config.h:15:0,
                 from /usr/include/libio.h:31,
                 from /usr/include/stdio.h:74,
                 from include/tporo.h:13,
                 from include/tvectorporo.h:3,
                 from include/tlistaporo.h:2,
                 from lib/tlistaporo.cpp:2:
lib/tlistaporo.cpp:29:16: note:   ‘TPoro’ is not derived from ‘const std::fpos<_StateT>’
  if(this->e != NULL)
                ^
In file included from /usr/include/c++/5/bits/stl_algobase.h:64:0,
                 from /usr/include/c++/5/bits/char_traits.h:39,
                 from /usr/include/c++/5/ios:40,
                 from /usr/include/c++/5/ostream:38,
                 from /usr/include/c++/5/iostream:39,
                 from lib/tlistaporo.cpp:1:
/usr/include/c++/5/bits/stl_pair.h:227:5: note: candidate: template<class _T1, class _T2> bool std::operator!=(const std::pair<_T1, _T2>&, const std::pair<_T1, _T2>&)
     operator!=(const pair<_T1, _T2>& __x, const pair<_T1, _T2>& __y)
     ^
/usr/include/c++/5/bits/stl_pair.h:227:5: note:   template argument deduction/substitution failed:
In file included from /usr/include/_G_config.h:15:0,
                 from /usr/include/libio.h:31,
                 from /usr/include/stdio.h:74,
                 from include/tporo.h:13,
                 from include/tvectorporo.h:3,
                 from include/tlistaporo.h:2,
                 from lib/tlistaporo.cpp:2:
lib/tlistaporo.cpp:29:16: note:   ‘TPoro’ is not derived from ‘const std::pair<_T1, _T2>’
  if(this->e != NULL)
                ^
In file included from /usr/include/c++/5/bits/stl_algobase.h:67:0,
                 from /usr/include/c++/5/bits/char_traits.h:39,
                 from /usr/include/c++/5/ios:40,
                 from /usr/include/c++/5/ostream:38,
                 from /usr/include/c++/5/iostream:39,
                 from lib/tlistaporo.cpp:1:
/usr/include/c++/5/bits/stl_iterator.h:304:5: note: candidate: template<class _Iterator> bool std::operator!=(const std::reverse_iterator<_Iterator>&, const std::reverse_iterator<_Iterator>&)
     operator!=(const reverse_iterator<_Iterator>& __x,
     ^
/usr/include/c++/5/bits/stl_iterator.h:304:5: note:   template argument deduction/substitution failed:
In file included from /usr/include/_G_config.h:15:0,
                 from /usr/include/libio.h:31,
                 from /usr/include/stdio.h:74,
                 from include/tporo.h:13,
                 from include/tvectorporo.h:3,
                 from include/tlistaporo.h:2,
                 from lib/tlistaporo.cpp:2:
lib/tlistaporo.cpp:29:16: note:   ‘TPoro’ is not derived from ‘const std::reverse_iterator<_Iterator>’
  if(this->e != NULL)
                ^
In file included from /usr/include/c++/5/bits/stl_algobase.h:67:0,
                 from /usr/include/c++/5/bits/char_traits.h:39,
                 from /usr/include/c++/5/ios:40,
                 from /usr/include/c++/5/ostream:38,
                 from /usr/include/c++/5/iostream:39,
                 from lib/tlistaporo.cpp:1:
/usr/include/c++/5/bits/stl_iterator.h:354:5: note: candidate: template<class _IteratorL, class _IteratorR> bool std::operator!=(const std::reverse_iterator<_Iterator>&, const std::reverse_iterator<_IteratorR>&)
     operator!=(const reverse_iterator<_IteratorL>& __x,
     ^
/usr/include/c++/5/bits/stl_iterator.h:354:5: note:   template argument deduction/substitution failed:
In file included from /usr/include/_G_config.h:15:0,
                 from /usr/include/libio.h:31,
                 from /usr/include/stdio.h:74,
                 from include/tporo.h:13,
                 from include/tvectorporo.h:3,
                 from include/tlistaporo.h:2,
                 from lib/tlistaporo.cpp:2:
lib/tlistaporo.cpp:29:16: note:   ‘TPoro’ is not derived from ‘const std::reverse_iterator<_Iterator>’
  if(this->e != NULL)
                ^
In file included from /usr/include/c++/5/string:41:0,
                 from /usr/include/c++/5/bits/locale_classes.h:40,
                 from /usr/include/c++/5/bits/ios_base.h:41,
                 from /usr/include/c++/5/ios:42,
                 from /usr/include/c++/5/ostream:38,
                 from /usr/include/c++/5/iostream:39,
                 from lib/tlistaporo.cpp:1:
/usr/include/c++/5/bits/allocator.h:140:5: note: candidate: template<class _T1, class _T2> bool std::operator!=(const std::allocator<_CharT>&, const std::allocator<_T2>&)
     operator!=(const allocator<_T1>&, const allocator<_T2>&)
     ^
/usr/include/c++/5/bits/allocator.h:140:5: note:   template argument deduction/substitution failed:
In file included from /usr/include/_G_config.h:15:0,
                 from /usr/include/libio.h:31,
                 from /usr/include/stdio.h:74,
                 from include/tporo.h:13,
                 from include/tvectorporo.h:3,
                 from include/tlistaporo.h:2,
                 from lib/tlistaporo.cpp:2:
lib/tlistaporo.cpp:29:16: note:   ‘TPoro’ is not derived from ‘const std::allocator<_CharT>’
  if(this->e != NULL)
                ^
In file included from /usr/include/c++/5/string:41:0,
                 from /usr/include/c++/5/bits/locale_classes.h:40,
                 from /usr/include/c++/5/bits/ios_base.h:41,
                 from /usr/include/c++/5/ios:42,
                 from /usr/include/c++/5/ostream:38,
                 from /usr/include/c++/5/iostream:39,
                 from lib/tlistaporo.cpp:1:
/usr/include/c++/5/bits/allocator.h:146:5: note: candidate: template<class _Tp> bool std::operator!=(const std::allocator<_CharT>&, const std::allocator<_CharT>&)
     operator!=(const allocator<_Tp>&, const allocator<_Tp>&)
     ^
/usr/include/c++/5/bits/allocator.h:146:5: note:   template argument deduction/substitution failed:
In file included from /usr/include/_G_config.h:15:0,
                 from /usr/include/libio.h:31,
                 from /usr/include/stdio.h:74,
                 from include/tporo.h:13,
                 from include/tvectorporo.h:3,
                 from include/tlistaporo.h:2,
                 from lib/tlistaporo.cpp:2:
lib/tlistaporo.cpp:29:16: note:   ‘TPoro’ is not derived from ‘const std::allocator<_CharT>’
  if(this->e != NULL)
                ^
In file included from /usr/include/c++/5/string:52:0,
                 from /usr/include/c++/5/bits/locale_classes.h:40,
                 from /usr/include/c++/5/bits/ios_base.h:41,
                 from /usr/include/c++/5/ios:42,
                 from /usr/include/c++/5/ostream:38,
                 from /usr/include/c++/5/iostream:39,
                 from lib/tlistaporo.cpp:1:
/usr/include/c++/5/bits/basic_string.h:4948:5: note: candidate: template<class _CharT, class _Traits, class _Alloc> bool std::operator!=(const std::__cxx11::basic_string<_CharT, _Traits, _Alloc>&, const std::__cxx11::basic_string<_CharT, _Traits, _Alloc>&)
     operator!=(const basic_string<_CharT, _Traits, _Alloc>& __lhs,
     ^
/usr/include/c++/5/bits/basic_string.h:4948:5: note:   template argument deduction/substitution failed:
In file included from /usr/include/_G_config.h:15:0,
                 from /usr/include/libio.h:31,
                 from /usr/include/stdio.h:74,
                 from include/tporo.h:13,
                 from include/tvectorporo.h:3,
                 from include/tlistaporo.h:2,
                 from lib/tlistaporo.cpp:2:
lib/tlistaporo.cpp:29:16: note:   ‘TPoro’ is not derived from ‘const std::__cxx11::basic_string<_CharT, _Traits, _Alloc>’
  if(this->e != NULL)
                ^
In file included from /usr/include/c++/5/string:52:0,
                 from /usr/include/c++/5/bits/locale_classes.h:40,
                 from /usr/include/c++/5/bits/ios_base.h:41,
                 from /usr/include/c++/5/ios:42,
                 from /usr/include/c++/5/ostream:38,
                 from /usr/include/c++/5/iostream:39,
                 from lib/tlistaporo.cpp:1:
/usr/include/c++/5/bits/basic_string.h:4960:5: note: candidate: template<class _CharT, class _Traits, class _Alloc> bool std::operator!=(const _CharT*, const std::__cxx11::basic_string<_CharT, _Traits, _Alloc>&)
     operator!=(const _CharT* __lhs,
     ^
/usr/include/c++/5/bits/basic_string.h:4960:5: note:   template argument deduction/substitution failed:
In file included from /usr/include/_G_config.h:15:0,
                 from /usr/include/libio.h:31,
                 from /usr/include/stdio.h:74,
                 from include/tporo.h:13,
                 from include/tvectorporo.h:3,
                 from include/tlistaporo.h:2,
                 from lib/tlistaporo.cpp:2:
lib/tlistaporo.cpp:29:16: note:   mismatched types ‘const _CharT*’ and ‘TPoro’
  if(this->e != NULL)
                ^
In file included from /usr/include/c++/5/string:52:0,
                 from /usr/include/c++/5/bits/locale_classes.h:40,
                 from /usr/include/c++/5/bits/ios_base.h:41,
                 from /usr/include/c++/5/ios:42,
                 from /usr/include/c++/5/ostream:38,
                 from /usr/include/c++/5/iostream:39,
                 from lib/tlistaporo.cpp:1:
/usr/include/c++/5/bits/basic_string.h:4972:5: note: candidate: template<class _CharT, class _Traits, class _Alloc> bool std::operator!=(const std::__cxx11::basic_string<_CharT, _Traits, _Alloc>&, const _CharT*)
     operator!=(const basic_string<_CharT, _Traits, _Alloc>& __lhs,
     ^
/usr/include/c++/5/bits/basic_string.h:4972:5: note:   template argument deduction/substitution failed:
In file included from /usr/include/_G_config.h:15:0,
                 from /usr/include/libio.h:31,
                 from /usr/include/stdio.h:74,
                 from include/tporo.h:13,
                 from include/tvectorporo.h:3,
                 from include/tlistaporo.h:2,
                 from lib/tlistaporo.cpp:2:
lib/tlistaporo.cpp:29:16: note:   ‘TPoro’ is not derived from ‘const std::__cxx11::basic_string<_CharT, _Traits, _Alloc>’
  if(this->e != NULL)
                ^
In file included from /usr/include/c++/5/bits/locale_facets.h:48:0,
                 from /usr/include/c++/5/bits/basic_ios.h:37,
                 from /usr/include/c++/5/ios:44,
                 from /usr/include/c++/5/ostream:38,
                 from /usr/include/c++/5/iostream:39,
                 from lib/tlistaporo.cpp:1:
/usr/include/c++/5/bits/streambuf_iterator.h:210:5: note: candidate: template<class _CharT, class _Traits> bool std::operator!=(const std::istreambuf_iterator<_CharT, _Traits>&, const std::istreambuf_iterator<_CharT, _Traits>&)
     operator!=(const istreambuf_iterator<_CharT, _Traits>& __a,
     ^
/usr/include/c++/5/bits/streambuf_iterator.h:210:5: note:   template argument deduction/substitution failed:
In file included from /usr/include/_G_config.h:15:0,
                 from /usr/include/libio.h:31,
                 from /usr/include/stdio.h:74,
                 from include/tporo.h:13,
                 from include/tvectorporo.h:3,
                 from include/tlistaporo.h:2,
                 from lib/tlistaporo.cpp:2:
lib/tlistaporo.cpp:29:16: note:   ‘TPoro’ is not derived from ‘const std::istreambuf_iterator<_CharT, _Traits>’
  if(this->e != NULL)
                ^
lib/tlistaporo.cpp:31:12: error: type ‘class TPoro’ argument given to ‘delete’, expected pointer
   delete[] e;
            ^
lib/tlistaporo.cpp: In copy constructor ‘TListaPosicion::TListaPosicion(const TListaPosicion&)’:
lib/tlistaporo.cpp:43:11: error: cannot convert ‘const TListaPosicion’ to ‘TListaNodo*’ in assignment
  this->pos=posicion;
           ^
In file included from lib/tlistaporo.cpp:2:0:
include/tlistaporo.h: In member function ‘TListaPosicion TListaPosicion::Anterior()’:
include/tlistaporo.h:11:14: error: ‘TListaNodo* TListaNodo::anterior’ is private
  TListaNodo *anterior;
              ^
lib/tlistaporo.cpp:74:16: error: within this context
   aux.pos=pos->anterior;
                ^
In file included from lib/tlistaporo.cpp:2:0:
include/tlistaporo.h: In member function ‘TListaPosicion TListaPosicion::Siguiente()’:
include/tlistaporo.h:14:14: error: ‘TListaNodo* TListaNodo::siguiente’ is private
  TListaNodo *siguiente;
              ^
lib/tlistaporo.cpp:83:16: error: within this context
   aux.pos=pos->siguiente;
                ^
lib/tlistaporo.cpp: In copy constructor ‘TListaPoro::TListaPoro(TListaPoro&)’:
lib/tlistaporo.cpp:95:12: error: no match for ‘operator!=’ (operand types are ‘TListaPoro’ and ‘long int’)
  if(miLista!=NULL)
            ^
In file included from /usr/include/c++/5/iosfwd:40:0,
                 from /usr/include/c++/5/ios:38,
                 from /usr/include/c++/5/ostream:38,
                 from /usr/include/c++/5/iostream:39,
                 from lib/tlistaporo.cpp:1:
/usr/include/c++/5/bits/postypes.h:221:5: note: candidate: template<class _StateT> bool std::operator!=(const std::fpos<_StateT>&, const std::fpos<_StateT>&)
     operator!=(const fpos<_StateT>& __lhs, const fpos<_StateT>& __rhs)
     ^
/usr/include/c++/5/bits/postypes.h:221:5: note:   template argument deduction/substitution failed:
In file included from /usr/include/_G_config.h:15:0,
                 from /usr/include/libio.h:31,
                 from /usr/include/stdio.h:74,
                 from include/tporo.h:13,
                 from include/tvectorporo.h:3,
                 from include/tlistaporo.h:2,
                 from lib/tlistaporo.cpp:2:
lib/tlistaporo.cpp:95:14: note:   ‘TListaPoro’ is not derived from ‘const std::fpos<_StateT>’
  if(miLista!=NULL)
              ^
In file included from /usr/include/c++/5/bits/stl_algobase.h:64:0,
                 from /usr/include/c++/5/bits/char_traits.h:39,
                 from /usr/include/c++/5/ios:40,
                 from /usr/include/c++/5/ostream:38,
                 from /usr/include/c++/5/iostream:39,
                 from lib/tlistaporo.cpp:1:
/usr/include/c++/5/bits/stl_pair.h:227:5: note: candidate: template<class _T1, class _T2> bool std::operator!=(const std::pair<_T1, _T2>&, const std::pair<_T1, _T2>&)
     operator!=(const pair<_T1, _T2>& __x, const pair<_T1, _T2>& __y)
     ^
/usr/include/c++/5/bits/stl_pair.h:227:5: note:   template argument deduction/substitution failed:
In file included from /usr/include/_G_config.h:15:0,
                 from /usr/include/libio.h:31,
                 from /usr/include/stdio.h:74,
                 from include/tporo.h:13,
                 from include/tvectorporo.h:3,
                 from include/tlistaporo.h:2,
                 from lib/tlistaporo.cpp:2:
lib/tlistaporo.cpp:95:14: note:   ‘TListaPoro’ is not derived from ‘const std::pair<_T1, _T2>’
  if(miLista!=NULL)
              ^
In file included from /usr/include/c++/5/bits/stl_algobase.h:67:0,
                 from /usr/include/c++/5/bits/char_traits.h:39,
                 from /usr/include/c++/5/ios:40,
                 from /usr/include/c++/5/ostream:38,
                 from /usr/include/c++/5/iostream:39,
                 from lib/tlistaporo.cpp:1:
/usr/include/c++/5/bits/stl_iterator.h:304:5: note: candidate: template<class _Iterator> bool std::operator!=(const std::reverse_iterator<_Iterator>&, const std::reverse_iterator<_Iterator>&)
     operator!=(const reverse_iterator<_Iterator>& __x,
     ^
/usr/include/c++/5/bits/stl_iterator.h:304:5: note:   template argument deduction/substitution failed:
In file included from /usr/include/_G_config.h:15:0,
                 from /usr/include/libio.h:31,
                 from /usr/include/stdio.h:74,
                 from include/tporo.h:13,
                 from include/tvectorporo.h:3,
                 from include/tlistaporo.h:2,
                 from lib/tlistaporo.cpp:2:
lib/tlistaporo.cpp:95:14: note:   ‘TListaPoro’ is not derived from ‘const std::reverse_iterator<_Iterator>’
  if(miLista!=NULL)
              ^
In file included from /usr/include/c++/5/bits/stl_algobase.h:67:0,
                 from /usr/include/c++/5/bits/char_traits.h:39,
                 from /usr/include/c++/5/ios:40,
                 from /usr/include/c++/5/ostream:38,
                 from /usr/include/c++/5/iostream:39,
                 from lib/tlistaporo.cpp:1:
/usr/include/c++/5/bits/stl_iterator.h:354:5: note: candidate: template<class _IteratorL, class _IteratorR> bool std::operator!=(const std::reverse_iterator<_Iterator>&, const std::reverse_iterator<_IteratorR>&)
     operator!=(const reverse_iterator<_IteratorL>& __x,
     ^
/usr/include/c++/5/bits/stl_iterator.h:354:5: note:   template argument deduction/substitution failed:
In file included from /usr/include/_G_config.h:15:0,
                 from /usr/include/libio.h:31,
                 from /usr/include/stdio.h:74,
                 from include/tporo.h:13,
                 from include/tvectorporo.h:3,
                 from include/tlistaporo.h:2,
                 from lib/tlistaporo.cpp:2:
lib/tlistaporo.cpp:95:14: note:   ‘TListaPoro’ is not derived from ‘const std::reverse_iterator<_Iterator>’
  if(miLista!=NULL)
              ^
In file included from /usr/include/c++/5/string:41:0,
                 from /usr/include/c++/5/bits/locale_classes.h:40,
                 from /usr/include/c++/5/bits/ios_base.h:41,
                 from /usr/include/c++/5/ios:42,
                 from /usr/include/c++/5/ostream:38,
                 from /usr/include/c++/5/iostream:39,
                 from lib/tlistaporo.cpp:1:
/usr/include/c++/5/bits/allocator.h:140:5: note: candidate: template<class _T1, class _T2> bool std::operator!=(const std::allocator<_CharT>&, const std::allocator<_T2>&)
     operator!=(const allocator<_T1>&, const allocator<_T2>&)
     ^
/usr/include/c++/5/bits/allocator.h:140:5: note:   template argument deduction/substitution failed:
In file included from /usr/include/_G_config.h:15:0,
                 from /usr/include/libio.h:31,
                 from /usr/include/stdio.h:74,
                 from include/tporo.h:13,
                 from include/tvectorporo.h:3,
                 from include/tlistaporo.h:2,
                 from lib/tlistaporo.cpp:2:
lib/tlistaporo.cpp:95:14: note:   ‘TListaPoro’ is not derived from ‘const std::allocator<_CharT>’
  if(miLista!=NULL)
              ^
In file included from /usr/include/c++/5/string:41:0,
                 from /usr/include/c++/5/bits/locale_classes.h:40,
                 from /usr/include/c++/5/bits/ios_base.h:41,
                 from /usr/include/c++/5/ios:42,
                 from /usr/include/c++/5/ostream:38,
                 from /usr/include/c++/5/iostream:39,
                 from lib/tlistaporo.cpp:1:
/usr/include/c++/5/bits/allocator.h:146:5: note: candidate: template<class _Tp> bool std::operator!=(const std::allocator<_CharT>&, const std::allocator<_CharT>&)
     operator!=(const allocator<_Tp>&, const allocator<_Tp>&)
     ^
/usr/include/c++/5/bits/allocator.h:146:5: note:   template argument deduction/substitution failed:
In file included from /usr/include/_G_config.h:15:0,
                 from /usr/include/libio.h:31,
                 from /usr/include/stdio.h:74,
                 from include/tporo.h:13,
                 from include/tvectorporo.h:3,
                 from include/tlistaporo.h:2,
                 from lib/tlistaporo.cpp:2:
lib/tlistaporo.cpp:95:14: note:   ‘TListaPoro’ is not derived from ‘const std::allocator<_CharT>’
  if(miLista!=NULL)
              ^
In file included from /usr/include/c++/5/string:52:0,
                 from /usr/include/c++/5/bits/locale_classes.h:40,
                 from /usr/include/c++/5/bits/ios_base.h:41,
                 from /usr/include/c++/5/ios:42,
                 from /usr/include/c++/5/ostream:38,
                 from /usr/include/c++/5/iostream:39,
                 from lib/tlistaporo.cpp:1:
/usr/include/c++/5/bits/basic_string.h:4948:5: note: candidate: template<class _CharT, class _Traits, class _Alloc> bool std::operator!=(const std::__cxx11::basic_string<_CharT, _Traits, _Alloc>&, const std::__cxx11::basic_string<_CharT, _Traits, _Alloc>&)
     operator!=(const basic_string<_CharT, _Traits, _Alloc>& __lhs,
     ^
/usr/include/c++/5/bits/basic_string.h:4948:5: note:   template argument deduction/substitution failed:
In file included from /usr/include/_G_config.h:15:0,
                 from /usr/include/libio.h:31,
                 from /usr/include/stdio.h:74,
                 from include/tporo.h:13,
                 from include/tvectorporo.h:3,
                 from include/tlistaporo.h:2,
                 from lib/tlistaporo.cpp:2:
lib/tlistaporo.cpp:95:14: note:   ‘TListaPoro’ is not derived from ‘const std::__cxx11::basic_string<_CharT, _Traits, _Alloc>’
  if(miLista!=NULL)
              ^
In file included from /usr/include/c++/5/string:52:0,
                 from /usr/include/c++/5/bits/locale_classes.h:40,
                 from /usr/include/c++/5/bits/ios_base.h:41,
                 from /usr/include/c++/5/ios:42,
                 from /usr/include/c++/5/ostream:38,
                 from /usr/include/c++/5/iostream:39,
                 from lib/tlistaporo.cpp:1:
/usr/include/c++/5/bits/basic_string.h:4960:5: note: candidate: template<class _CharT, class _Traits, class _Alloc> bool std::operator!=(const _CharT*, const std::__cxx11::basic_string<_CharT, _Traits, _Alloc>&)
     operator!=(const _CharT* __lhs,
     ^
/usr/include/c++/5/bits/basic_string.h:4960:5: note:   template argument deduction/substitution failed:
In file included from /usr/include/_G_config.h:15:0,
                 from /usr/include/libio.h:31,
                 from /usr/include/stdio.h:74,
                 from include/tporo.h:13,
                 from include/tvectorporo.h:3,
                 from include/tlistaporo.h:2,
                 from lib/tlistaporo.cpp:2:
lib/tlistaporo.cpp:95:14: note:   mismatched types ‘const _CharT*’ and ‘TListaPoro’
  if(miLista!=NULL)
              ^
In file included from /usr/include/c++/5/string:52:0,
                 from /usr/include/c++/5/bits/locale_classes.h:40,
                 from /usr/include/c++/5/bits/ios_base.h:41,
                 from /usr/include/c++/5/ios:42,
                 from /usr/include/c++/5/ostream:38,
                 from /usr/include/c++/5/iostream:39,
                 from lib/tlistaporo.cpp:1:
/usr/include/c++/5/bits/basic_string.h:4972:5: note: candidate: template<class _CharT, class _Traits, class _Alloc> bool std::operator!=(const std::__cxx11::basic_string<_CharT, _Traits, _Alloc>&, const _CharT*)
     operator!=(const basic_string<_CharT, _Traits, _Alloc>& __lhs,
     ^
/usr/include/c++/5/bits/basic_string.h:4972:5: note:   template argument deduction/substitution failed:
In file included from /usr/include/_G_config.h:15:0,
                 from /usr/include/libio.h:31,
                 from /usr/include/stdio.h:74,
                 from include/tporo.h:13,
                 from include/tvectorporo.h:3,
                 from include/tlistaporo.h:2,
                 from lib/tlistaporo.cpp:2:
lib/tlistaporo.cpp:95:14: note:   ‘TListaPoro’ is not derived from ‘const std::__cxx11::basic_string<_CharT, _Traits, _Alloc>’
  if(miLista!=NULL)
              ^
In file included from /usr/include/c++/5/bits/locale_facets.h:48:0,
                 from /usr/include/c++/5/bits/basic_ios.h:37,
                 from /usr/include/c++/5/ios:44,
                 from /usr/include/c++/5/ostream:38,
                 from /usr/include/c++/5/iostream:39,
                 from lib/tlistaporo.cpp:1:
/usr/include/c++/5/bits/streambuf_iterator.h:210:5: note: candidate: template<class _CharT, class _Traits> bool std::operator!=(const std::istreambuf_iterator<_CharT, _Traits>&, const std::istreambuf_iterator<_CharT, _Traits>&)
     operator!=(const istreambuf_iterator<_CharT, _Traits>& __a,
     ^
/usr/include/c++/5/bits/streambuf_iterator.h:210:5: note:   template argument deduction/substitution failed:
In file included from /usr/include/_G_config.h:15:0,
                 from /usr/include/libio.h:31,
                 from /usr/include/stdio.h:74,
                 from include/tporo.h:13,
                 from include/tvectorporo.h:3,
                 from include/tlistaporo.h:2,
                 from lib/tlistaporo.cpp:2:
lib/tlistaporo.cpp:95:14: note:   ‘TListaPoro’ is not derived from ‘const std::istreambuf_iterator<_CharT, _Traits>’
  if(miLista!=NULL)
              ^
make: *** [lib/tlistaporo.o] Error 1
13:34:06 **** Incremental Build of configuration Debug for project poro ****
make all 
make: Nothing to be done for 'all'.
13:34:06 **** Incremental Build of configuration Default for project poros-master ****
make all 
g++ -g  -c -Iinclude -o lib/tlistaporo.o lib/tlistaporo.cpp
g++ -g  -Iinclude src/tad.cpp lib/tporo.o lib/tvectorporo.o lib/tlistaporo.o -o tad
13:34:28 **** Incremental Build of configuration Default for project poros-master ****
make all 
make: Nothing to be done for 'all'.
13:37:40 **** Incremental Build of configuration Debug for project poro ****
make all 
make: Nothing to be done for 'all'.
13:37:41 **** Incremental Build of configuration Default for project poros-master ****
make all 
g++ -g  -c -Iinclude -o lib/tvectorporo.o lib/tvectorporo.cpp
g++ -g  -Iinclude src/tad.cpp lib/tporo.o lib/tvectorporo.o lib/tlistaporo.o -o tad
13:37:46 **** Incremental Build of configuration Default for project poros-master ****
make all 
make: Nothing to be done for 'all'.
13:38:04 **** Incremental Build of configuration Default for project poros-master ****
make all 
make: Nothing to be done for 'all'.
13:41:30 **** Incremental Build of configuration Debug for project poro ****
make all 
make: Nothing to be done for 'all'.
13:41:30 **** Incremental Build of configuration Default for project poros-master ****
make all 
g++ -g  -c -Iinclude -o lib/tporo.o lib/tporo.cpp
g++ -g  -Iinclude src/tad.cpp lib/tporo.o lib/tvectorporo.o lib/tlistaporo.o -o tad
13:41:38 **** Incremental Build of configuration Default for project poros-master ****
make all 
make: Nothing to be done for 'all'.
13:41:50 **** Incremental Build of configuration Default for project poros-master ****
make all 
make: Nothing to be done for 'all'.
13:48:38 **** Incremental Build of configuration Debug for project poro ****
make all 
make: Nothing to be done for 'all'.
13:48:39 **** Incremental Build of configuration Default for project poros-master ****
make all 
g++ -g  -c -Iinclude -o lib/tvectorporo.o lib/tvectorporo.cpp
g++ -g  -Iinclude src/tad.cpp lib/tporo.o lib/tvectorporo.o lib/tlistaporo.o -o tad
13:48:45 **** Incremental Build of configuration Default for project poros-master ****
make all 
make: Nothing to be done for 'all'.
13:58:38 **** Incremental Build of configuration Debug for project poro ****
make all 
make: Nothing to be done for 'all'.
13:58:38 **** Incremental Build of configuration Default for project poros-master ****
make all 
make: *** No rule to make target 'src/tad.cpp', needed by 'tad'.  Alto.
13:59:04 **** Incremental Build of configuration Debug for project poro ****
make all 
make: Nothing to be done for 'all'.
13:59:04 **** Incremental Build of configuration Default for project poros-master ****
make all 
g++ -g  -Iinclude src/tad.cpp lib/tporo.o lib/tvectorporo.o lib/tlistaporo.o -o tad
13:59:16 **** Incremental Build of configuration Default for project poros-master ****
make all 
g++ -g  -c -Iinclude -o lib/tvectorporo.o lib/tvectorporo.cpp
g++ -g  -Iinclude src/tad.cpp lib/tporo.o lib/tvectorporo.o lib/tlistaporo.o -o tad
14:02:34 **** Incremental Build of configuration Default for project poros-master ****
make all 
make: Nothing to be done for 'all'.
14:15:12 **** Incremental Build of configuration Default for project poros-master ****
make all 
make: Nothing to be done for 'all'.
14:15:56 **** Incremental Build of configuration Default for project poros-master ****
make all 
make: Nothing to be done for 'all'.
14:18:18 **** Incremental Build of configuration Default for project poros-master ****
make all 
make: Nothing to be done for 'all'.
14:18:37 **** Incremental Build of configuration Default for project poros-master ****
make all 
make: Nothing to be done for 'all'.
14:23:40 **** Incremental Build of configuration Default for project poros-master ****
make all 
make: Nothing to be done for 'all'.
14:27:46 **** Incremental Build of configuration Debug for project poro ****
make all 
make: Nothing to be done for 'all'.
14:27:46 **** Incremental Build of configuration Default for project poros-master ****
make all 
g++ -g  -c -Iinclude -o lib/tvectorporo.o lib/tvectorporo.cpp
g++ -g  -Iinclude src/tad.cpp lib/tporo.o lib/tvectorporo.o lib/tlistaporo.o -o tad
14:27:53 **** Incremental Build of configuration Default for project poros-master ****
make all 
make: Nothing to be done for 'all'.
